  Download_shellcode.cpp
  NativeInjection.cpp
  Generating Code...
libcpmtd.lib(xlocale.obj) : error LNK2001: unresolved external symbol _calloc_dbg
Download_shellcode.obj : error LNK2001: unresolved external symbol _calloc_dbg
libcpmtd.lib(_tolower.obj) : error LNK2001: unresolved external symbol _calloc_dbg
libcpmtd.lib(locale.obj) : error LNK2001: unresolved external symbol _calloc_dbg
libcpmtd.lib(wlocale.obj) : error LNK2001: unresolved external symbol _calloc_dbg
libcpmtd.lib(StlCompareStringA.obj) : error LNK2001: unresolved external symbol _free_dbg
libcpmtd.lib(StlLCMapStringA.obj) : error LNK2001: unresolved external symbol _free_dbg
libcpmtd.lib(wlocale.obj) : error LNK2001: unresolved external symbol _free_dbg
libcpmtd.lib(xlocale.obj) : error LNK2001: unresolved external symbol _free_dbg
libcpmtd.lib(xwcsxfrm.obj) : error LNK2001: unresolved external symbol _free_dbg
Download_shellcode.obj : error LNK2001: unresolved external symbol _free_dbg
libcpmtd.lib(locale0.obj) : error LNK2001: unresolved external symbol _free_dbg
libcpmtd.lib(cout.obj) : error LNK2001: unresolved external symbol _free_dbg
libcpmtd.lib(locale.obj) : error LNK2001: unresolved external symbol _free_dbg
libcpmtd.lib(StlCompareStringA.obj) : error LNK2001: unresolved external symbol _malloc_dbg
libcpmtd.lib(StlLCMapStringA.obj) : error LNK2001: unresolved external symbol _malloc_dbg
libcpmtd.lib(wlocale.obj) : error LNK2001: unresolved external symbol _malloc_dbg
libcpmtd.lib(xlocale.obj) : error LNK2001: unresolved external symbol _malloc_dbg
libcpmtd.lib(xwcsxfrm.obj) : error LNK2001: unresolved external symbol _malloc_dbg
Download_shellcode.obj : error LNK2001: unresolved external symbol _malloc_dbg
libcpmtd.lib(locale0.obj) : error LNK2001: unresolved external symbol _malloc_dbg
libcpmtd.lib(cout.obj) : error LNK2001: unresolved external symbol _malloc_dbg
libcpmtd.lib(locale.obj) : error LNK2001: unresolved external symbol _malloc_dbg
libcpmtd.lib(locale.obj) : error LNK2001: unresolved external symbol _CrtDbgReport
libcpmtd.lib(wlocale.obj) : error LNK2001: unresolved external symbol _CrtDbgReport
libcpmtd.lib(xlocale.obj) : error LNK2001: unresolved external symbol _CrtDbgReport
Download_shellcode.obj : error LNK2001: unresolved external symbol _CrtDbgReport
NativeInjection.obj : error LNK2001: unresolved external symbol _CrtDbgReport
libcpmtd.lib(xonce.obj) : error LNK2001: unresolved external symbol _CrtDbgReport
libcpmtd.lib(cout.obj) : error LNK2001: unresolved external symbol _CrtDbgReport
libcpmtd.lib(StlCompareStringA.obj) : error LNK2001: unresolved external symbol _CrtDbgReportW
Download_shellcode.obj : error LNK2001: unresolved external symbol _CrtDbgReportW
NativeInjection.obj : error LNK2001: unresolved external symbol _CrtDbgReportW
libcpmtd.lib(StlLCMapStringA.obj) : error LNK2001: unresolved external symbol _CrtDbgReportW
libcpmtd.lib(xmbtowc.obj) : error LNK2001: unresolved external symbol _CrtDbgReportW
libcpmtd.lib(_tolower.obj) : error LNK2019: unresolved external symbol _wcsdup_dbg referenced in function _Getctype
libcpmtd.lib(xstrcoll.obj) : error LNK2001: unresolved external symbol _wcsdup_dbg
libcpmtd.lib(locale.obj) : error LNK2019: unresolved external symbol _realloc_dbg referenced in function "private: static void __cdecl std::locale::_Locimp::_Locimp_Addfac(class std::locale::_Locimp *,class std::locale::facet *,unsigned __int64)" (?_Locimp_Addfac@_Locimp@locale@std@@CAXPEAV123@PEAVfacet@23@_K@Z)
C:\Users\ProOrNo\Documents\GitHub\Native-WinAPI-ShellcodeLoader\x64\Debug\NativeInjection.exe : fatal error LNK1120: 7 unresolved externals
